<?xml version="1.0" encoding="UTF-8"?>
<!-- Generated by org.testng.reporters.JUnitXMLReporter -->
<testsuite ignored="0" hostname="DESKTOP-69HE2CC" failures="0" tests="3" name="Default test" time="19.952" errors="0" timestamp="2022-05-23T22:54:02 COT">
  <testcase classname="UITests.BaseTest" name="createList" time="2.401"/>
  <testcase classname="UITests.BaseTest" name="addItemToList" time="2.953"/>
  <testcase classname="UITests.BaseTest" name="deleteMovie" time="2.165"/>
</testsuite> <!-- Default test -->
