<?xml version="1.0" encoding="UTF-8"?>
<testng-results ignored="0" total="3" passed="3" failed="0" skipped="0">
  <reporter-output>
  </reporter-output>
  <suite started-at="2022-05-24T12:05:34 COT" name="Suite" finished-at="2022-05-24T12:05:58 COT" duration-ms="23355">
    <groups>
    </groups>
    <test started-at="2022-05-24T12:05:34 COT" name="Test" finished-at="2022-05-24T12:05:58 COT" duration-ms="23355">
      <class name="UITests.BaseTest">
        <test-method is-config="true" signature="condition()[pri:0, instance:UITests.BaseTest@4d0d9fe7]" started-at="2022-05-24T12:05:34 COT" name="condition" finished-at="2022-05-24T12:05:42 COT" duration-ms="7762" status="PASS">
          <reporter-output>
          </reporter-output>
        </test-method> <!-- condition -->
        <test-method signature="createList()[pri:1, instance:UITests.BaseTest@4d0d9fe7]" started-at="2022-05-24T12:05:42 COT" name="createList" description="Create a list using information provided" finished-at="2022-05-24T12:05:44 COT" duration-ms="2070" status="PASS">
          <reporter-output>
          </reporter-output>
        </test-method> <!-- createList -->
        <test-method is-config="true" signature="postCondition()[pri:0, instance:UITests.BaseTest@4d0d9fe7]" started-at="2022-05-24T12:05:44 COT" name="postCondition" finished-at="2022-05-24T12:05:45 COT" duration-ms="261" status="PASS">
          <reporter-output>
          </reporter-output>
        </test-method> <!-- postCondition -->
        <test-method is-config="true" signature="condition()[pri:0, instance:UITests.BaseTest@4d0d9fe7]" started-at="2022-05-24T12:05:45 COT" name="condition" finished-at="2022-05-24T12:05:48 COT" duration-ms="3608" status="PASS">
          <reporter-output>
          </reporter-output>
        </test-method> <!-- condition -->
        <test-method signature="addItemToList()[pri:2, instance:UITests.BaseTest@4d0d9fe7]" started-at="2022-05-24T12:05:48 COT" name="addItemToList" finished-at="2022-05-24T12:05:51 COT" duration-ms="2989" status="PASS">
          <reporter-output>
          </reporter-output>
        </test-method> <!-- addItemToList -->
        <test-method is-config="true" signature="postCondition()[pri:0, instance:UITests.BaseTest@4d0d9fe7]" started-at="2022-05-24T12:05:51 COT" name="postCondition" finished-at="2022-05-24T12:05:51 COT" duration-ms="330" status="PASS">
          <reporter-output>
          </reporter-output>
        </test-method> <!-- postCondition -->
        <test-method is-config="true" signature="condition()[pri:0, instance:UITests.BaseTest@4d0d9fe7]" started-at="2022-05-24T12:05:51 COT" name="condition" finished-at="2022-05-24T12:05:55 COT" duration-ms="3408" status="PASS">
          <reporter-output>
          </reporter-output>
        </test-method> <!-- condition -->
        <test-method signature="deleteMovie()[pri:3, instance:UITests.BaseTest@4d0d9fe7]" started-at="2022-05-24T12:05:55 COT" name="deleteMovie" finished-at="2022-05-24T12:05:57 COT" duration-ms="2536" status="PASS">
          <reporter-output>
          </reporter-output>
        </test-method> <!-- deleteMovie -->
        <test-method is-config="true" signature="postCondition()[pri:0, instance:UITests.BaseTest@4d0d9fe7]" started-at="2022-05-24T12:05:57 COT" name="postCondition" finished-at="2022-05-24T12:05:58 COT" duration-ms="231" status="PASS">
          <reporter-output>
          </reporter-output>
        </test-method> <!-- postCondition -->
      </class> <!-- UITests.BaseTest -->
    </test> <!-- Test -->
  </suite> <!-- Suite -->
</testng-results>
